Determining if the pthread_create exist failed with the following output:
Change Dir: /home/michal/catkin_ws/build/CMakeFiles/CMakeTmp

Run Build Command:"/usr/bin/make" "cmTC_97345/fast"
/usr/bin/make -f CMakeFiles/cmTC_97345.dir/build.make CMakeFiles/cmTC_97345.dir/build
make[1]: Entering directory '/home/michal/catkin_ws/build/CMakeFiles/CMakeTmp'
Building C object CMakeFiles/cmTC_97345.dir/CheckSymbolExists.c.o
/usr/bin/cc    -o CMakeFiles/cmTC_97345.dir/CheckSymbolExists.c.o   -c /home/michal/catkin_ws/build/CMakeFiles/CMakeTmp/CheckSymbolExists.c
Linking C executable cmTC_97345
/usr/bin/cmake -E cmake_link_script CMakeFiles/cmTC_97345.dir/link.txt --verbose=1
/usr/bin/cc      -rdynamic CMakeFiles/cmTC_97345.dir/CheckSymbolExists.c.o  -o cmTC_97345 
CMakeFiles/cmTC_97345.dir/CheckSymbolExists.c.o: In function `main':
CheckSymbolExists.c:(.text+0x1b): undefined reference to `pthread_create'
collect2: error: ld returned 1 exit status
CMakeFiles/cmTC_97345.dir/build.make:97: recipe for target 'cmTC_97345' failed
make[1]: *** [cmTC_97345] Error 1
make[1]: Leaving directory '/home/michal/catkin_ws/build/CMakeFiles/CMakeTmp'
Makefile:126: recipe for target 'cmTC_97345/fast' failed
make: *** [cmTC_97345/fast] Error 2

File /home/michal/catkin_ws/build/CMakeFiles/CMakeTmp/CheckSymbolExists.c:
/* */
#include <pthread.h>

int main(int argc, char** argv)
{
  (void)argv;
#ifndef pthread_create
  return ((int*)(&pthread_create))[argc];
#else
  (void)argc;
  return 0;
#endif
}

Determining if the function pthread_create exists in the pthreads failed with the following output:
Change Dir: /home/michal/catkin_ws/build/CMakeFiles/CMakeTmp

Run Build Command:"/usr/bin/make" "cmTC_93c71/fast"
/usr/bin/make -f CMakeFiles/cmTC_93c71.dir/build.make CMakeFiles/cmTC_93c71.dir/build
make[1]: Entering directory '/home/michal/catkin_ws/build/CMakeFiles/CMakeTmp'
Building C object CMakeFiles/cmTC_93c71.dir/CheckFunctionExists.c.o
/usr/bin/cc   -DCHECK_FUNCTION_EXISTS=pthread_create   -o CMakeFiles/cmTC_93c71.dir/CheckFunctionExists.c.o   -c /usr/share/cmake-3.10/Modules/CheckFunctionExists.c
Linking C executable cmTC_93c71
/usr/bin/cmake -E cmake_link_script CMakeFiles/cmTC_93c71.dir/link.txt --verbose=1
/usr/bin/cc  -DCHECK_FUNCTION_EXISTS=pthread_create    -rdynamic CMakeFiles/cmTC_93c71.dir/CheckFunctionExists.c.o  -o cmTC_93c71 -lpthreads 
/usr/bin/x86_64-linux-gnu-ld: cannot find -lpthreads
collect2: error: ld returned 1 exit status
CMakeFiles/cmTC_93c71.dir/build.make:97: recipe for target 'cmTC_93c71' failed
make[1]: *** [cmTC_93c71] Error 1
make[1]: Leaving directory '/home/michal/catkin_ws/build/CMakeFiles/CMakeTmp'
Makefile:126: recipe for target 'cmTC_93c71/fast' failed
make: *** [cmTC_93c71/fast] Error 2


