Determining if the pthread_create exist failed with the following output:
Change Dir: /home/michal/catkin_ws/src/safety_node_pkg/build/CMakeFiles/CMakeTmp

Run Build Command:"/usr/bin/make" "cmTC_ae4e8/fast"
/usr/bin/make -f CMakeFiles/cmTC_ae4e8.dir/build.make CMakeFiles/cmTC_ae4e8.dir/build
make[1]: Entering directory '/home/michal/catkin_ws/src/safety_node_pkg/build/CMakeFiles/CMakeTmp'
Building C object CMakeFiles/cmTC_ae4e8.dir/CheckSymbolExists.c.o
/usr/bin/gcc-7    -o CMakeFiles/cmTC_ae4e8.dir/CheckSymbolExists.c.o   -c /home/michal/catkin_ws/src/safety_node_pkg/build/CMakeFiles/CMakeTmp/CheckSymbolExists.c
Linking C executable cmTC_ae4e8
/usr/bin/cmake -E cmake_link_script CMakeFiles/cmTC_ae4e8.dir/link.txt --verbose=1
/usr/bin/gcc-7      -rdynamic CMakeFiles/cmTC_ae4e8.dir/CheckSymbolExists.c.o  -o cmTC_ae4e8 
CMakeFiles/cmTC_ae4e8.dir/CheckSymbolExists.c.o: In function `main':
CheckSymbolExists.c:(.text+0x1b): undefined reference to `pthread_create'
collect2: error: ld returned 1 exit status
CMakeFiles/cmTC_ae4e8.dir/build.make:97: recipe for target 'cmTC_ae4e8' failed
make[1]: *** [cmTC_ae4e8] Error 1
make[1]: Leaving directory '/home/michal/catkin_ws/src/safety_node_pkg/build/CMakeFiles/CMakeTmp'
Makefile:126: recipe for target 'cmTC_ae4e8/fast' failed
make: *** [cmTC_ae4e8/fast] Error 2

File /home/michal/catkin_ws/src/safety_node_pkg/build/CMakeFiles/CMakeTmp/CheckSymbolExists.c:
/* */
#include <pthread.h>

int main(int argc, char** argv)
{
  (void)argv;
#ifndef pthread_create
  return ((int*)(&pthread_create))[argc];
#else
  (void)argc;
  return 0;
#endif
}

Determining if the function pthread_create exists in the pthreads failed with the following output:
Change Dir: /home/michal/catkin_ws/src/safety_node_pkg/build/CMakeFiles/CMakeTmp

Run Build Command:"/usr/bin/make" "cmTC_6a768/fast"
/usr/bin/make -f CMakeFiles/cmTC_6a768.dir/build.make CMakeFiles/cmTC_6a768.dir/build
make[1]: Entering directory '/home/michal/catkin_ws/src/safety_node_pkg/build/CMakeFiles/CMakeTmp'
Building C object CMakeFiles/cmTC_6a768.dir/CheckFunctionExists.c.o
/usr/bin/gcc-7   -DCHECK_FUNCTION_EXISTS=pthread_create   -o CMakeFiles/cmTC_6a768.dir/CheckFunctionExists.c.o   -c /usr/share/cmake-3.10/Modules/CheckFunctionExists.c
Linking C executable cmTC_6a768
/usr/bin/cmake -E cmake_link_script CMakeFiles/cmTC_6a768.dir/link.txt --verbose=1
/usr/bin/gcc-7  -DCHECK_FUNCTION_EXISTS=pthread_create    -rdynamic CMakeFiles/cmTC_6a768.dir/CheckFunctionExists.c.o  -o cmTC_6a768 -lpthreads 
/usr/bin/x86_64-linux-gnu-ld: cannot find -lpthreads
collect2: error: ld returned 1 exit status
CMakeFiles/cmTC_6a768.dir/build.make:97: recipe for target 'cmTC_6a768' failed
make[1]: *** [cmTC_6a768] Error 1
make[1]: Leaving directory '/home/michal/catkin_ws/src/safety_node_pkg/build/CMakeFiles/CMakeTmp'
Makefile:126: recipe for target 'cmTC_6a768/fast' failed
make: *** [cmTC_6a768/fast] Error 2


